-------------------------------------------------------------------------------
Test set: org.springframework.samples.petclinic.service.ClinicServiceTests
-------------------------------------------------------------------------------
Tests run: 10, Failures: 0, Errors: 10, Skipped: 0, Time elapsed: 7.915 s <<< FAILURE! - in org.springframework.samples.petclinic.service.ClinicServiceTests
shouldFindOwnersByLastName(org.springframework.samples.petclinic.service.ClinicServiceTests)  Time elapsed: 0 s  <<< ERROR!
java.lang.IllegalStateException: Failed to load ApplicationContext
Caused by: org.springframework.beans.factory.BeanCreationException: Error creating bean with name 'userRepository': Invocation of init method failed; nested exception is java.lang.IllegalArgumentException: Not a managed type: class org.springframework.samples.petclinic.users.User
Caused by: java.lang.IllegalArgumentException: Not a managed type: class org.springframework.samples.petclinic.users.User

shouldAddNewVisitForPet(org.springframework.samples.petclinic.service.ClinicServiceTests)  Time elapsed: 0 s  <<< ERROR!
java.lang.IllegalStateException: Failed to load ApplicationContext
Caused by: org.springframework.beans.factory.BeanCreationException: Error creating bean with name 'userRepository': Invocation of init method failed; nested exception is java.lang.IllegalArgumentException: Not a managed type: class org.springframework.samples.petclinic.users.User
Caused by: java.lang.IllegalArgumentException: Not a managed type: class org.springframework.samples.petclinic.users.User

shouldUpdateOwner(org.springframework.samples.petclinic.service.ClinicServiceTests)  Time elapsed: 0 s  <<< ERROR!
java.lang.IllegalStateException: Failed to load ApplicationContext
Caused by: org.springframework.beans.factory.BeanCreationException: Error creating bean with name 'userRepository': Invocation of init method failed; nested exception is java.lang.IllegalArgumentException: Not a managed type: class org.springframework.samples.petclinic.users.User
Caused by: java.lang.IllegalArgumentException: Not a managed type: class org.springframework.samples.petclinic.users.User

shouldFindVisitsByPetId(org.springframework.samples.petclinic.service.ClinicServiceTests)  Time elapsed: 0 s  <<< ERROR!
java.lang.IllegalStateException: Failed to load ApplicationContext
Caused by: org.springframework.beans.factory.BeanCreationException: Error creating bean with name 'userRepository': Invocation of init method failed; nested exception is java.lang.IllegalArgumentException: Not a managed type: class org.springframework.samples.petclinic.users.User
Caused by: java.lang.IllegalArgumentException: Not a managed type: class org.springframework.samples.petclinic.users.User

shouldInsertPetIntoDatabaseAndGenerateId(org.springframework.samples.petclinic.service.ClinicServiceTests)  Time elapsed: 0 s  <<< ERROR!
java.lang.IllegalStateException: Failed to load ApplicationContext
Caused by: org.springframework.beans.factory.BeanCreationException: Error creating bean with name 'userRepository': Invocation of init method failed; nested exception is java.lang.IllegalArgumentException: Not a managed type: class org.springframework.samples.petclinic.users.User
Caused by: java.lang.IllegalArgumentException: Not a managed type: class org.springframework.samples.petclinic.users.User

shouldInsertOwner(org.springframework.samples.petclinic.service.ClinicServiceTests)  Time elapsed: 0 s  <<< ERROR!
java.lang.IllegalStateException: Failed to load ApplicationContext
Caused by: org.springframework.beans.factory.BeanCreationException: Error creating bean with name 'userRepository': Invocation of init method failed; nested exception is java.lang.IllegalArgumentException: Not a managed type: class org.springframework.samples.petclinic.users.User
Caused by: java.lang.IllegalArgumentException: Not a managed type: class org.springframework.samples.petclinic.users.User

shouldFindSingleOwnerWithPet(org.springframework.samples.petclinic.service.ClinicServiceTests)  Time elapsed: 0 s  <<< ERROR!
java.lang.IllegalStateException: Failed to load ApplicationContext
Caused by: org.springframework.beans.factory.BeanCreationException: Error creating bean with name 'userRepository': Invocation of init method failed; nested exception is java.lang.IllegalArgumentException: Not a managed type: class org.springframework.samples.petclinic.users.User
Caused by: java.lang.IllegalArgumentException: Not a managed type: class org.springframework.samples.petclinic.users.User

shouldUpdatePetName(org.springframework.samples.petclinic.service.ClinicServiceTests)  Time elapsed: 0 s  <<< ERROR!
java.lang.IllegalStateException: Failed to load ApplicationContext
Caused by: org.springframework.beans.factory.BeanCreationException: Error creating bean with name 'userRepository': Invocation of init method failed; nested exception is java.lang.IllegalArgumentException: Not a managed type: class org.springframework.samples.petclinic.users.User
Caused by: java.lang.IllegalArgumentException: Not a managed type: class org.springframework.samples.petclinic.users.User

shouldFindAllPetTypes(org.springframework.samples.petclinic.service.ClinicServiceTests)  Time elapsed: 0 s  <<< ERROR!
java.lang.IllegalStateException: Failed to load ApplicationContext
Caused by: org.springframework.beans.factory.BeanCreationException: Error creating bean with name 'userRepository': Invocation of init method failed; nested exception is java.lang.IllegalArgumentException: Not a managed type: class org.springframework.samples.petclinic.users.User
Caused by: java.lang.IllegalArgumentException: Not a managed type: class org.springframework.samples.petclinic.users.User

shouldFindPetWithCorrectId(org.springframework.samples.petclinic.service.ClinicServiceTests)  Time elapsed: 0 s  <<< ERROR!
java.lang.IllegalStateException: Failed to load ApplicationContext
Caused by: org.springframework.beans.factory.BeanCreationException: Error creating bean with name 'userRepository': Invocation of init method failed; nested exception is java.lang.IllegalArgumentException: Not a managed type: class org.springframework.samples.petclinic.users.User
Caused by: java.lang.IllegalArgumentException: Not a managed type: class org.springframework.samples.petclinic.users.User

