-------------------------------------------------------------------------------
Test set: org.springframework.samples.petclinic.PetclinicIntegrationTests
-------------------------------------------------------------------------------
Tests run: 1, Failures: 0, Errors: 1, Skipped: 0, Time elapsed: 4.404 s <<< FAILURE! - in org.springframework.samples.petclinic.PetclinicIntegrationTests
testFindAll(org.springframework.samples.petclinic.PetclinicIntegrationTests)  Time elapsed: 0 s  <<< ERROR!
java.lang.IllegalStateException: Failed to load ApplicationContext
Caused by: org.springframework.beans.factory.UnsatisfiedDependencyException: Error creating bean with name 'userController' defined in file [E:\pesd_\Documents\GitHub\PetClinic\target\classes\org\springframework\samples\petclinic\users\UserController.class]: Unsatisfied dependency expressed through constructor parameter 0; nested exception is org.springframework.beans.factory.BeanCreationException: Error creating bean with name 'userRepository': Invocation of init method failed; nested exception is java.lang.IllegalArgumentException: Not a managed type: class org.springframework.samples.petclinic.users.User
Caused by: org.springframework.beans.factory.BeanCreationException: Error creating bean with name 'userRepository': Invocation of init method failed; nested exception is java.lang.IllegalArgumentException: Not a managed type: class org.springframework.samples.petclinic.users.User
Caused by: java.lang.IllegalArgumentException: Not a managed type: class org.springframework.samples.petclinic.users.User

